#
# An unexpected error has been detected by Java Runtime Environment:
#
#  EXCEPTION_ACCESS_VIOLATION (0xc0000005) at pc=0x77942086, pid=1296, tid=5604
#
# Java VM: Java HotSpot(TM) Client VM (1.6.0_03-b05 mixed mode)
# Problematic frame:
# C  [ntdll.dll+0x62086]
#
# If you would like to submit a bug report, please visit:
#   http://java.sun.com/webapps/bugreport/crash.jsp
#

---------------  T H R E A D  ---------------

Current thread (0x0de42c00):  JavaThread "AWT-EventQueue-0" [_thread_in_native, id=5604]

siginfo: ExceptionCode=0xc0000005, reading address 0x381f82aa

Registers:
EAX=0x003b7265, EBX=0x0de618c0, ECX=0x01180000, EDX=0x0de618c0
ESP=0x0cf3e464, EBP=0x0cf3e498, ESI=0x381f82a6, EDI=0x0de618b8
EIP=0x77942086, EFLAGS=0x00010206

Top of Stack: (sp=0x0cf3e464)
0x0cf3e464:   00000000 01180000 0de618c0 0cf3e484
0x0cf3e474:   00000000 0089000d 000007cb 0becafc8
0x0cf3e484:   0cf3e498 01ae0001 0de625b8 00000001
0x0cf3e494:   0de618b8 0cf3e4ac 779418c3 0de618c0
0x0cf3e4a4:   0beeb504 0000000b 0cf3e4c0 767b7a7e
0x0cf3e4b4:   01180000 00000000 0de618b8 0cf3e508
0x0cf3e4c4:   7c34218a 01180000 00000000 0de618c0
0x0cf3e4d4:   0beeb504 0cf3e534 0000000b 6d7d8158 

Instructions: (pc=0x77942086)
0x77942076:   c1 ee 03 33 f0 33 35 84 52 9a 77 89 7d fc 33 f1
0x77942086:   8b 46 04 89 45 f4 c6 47 07 80 c6 47 06 00 8b 5e 


Stack: [0x0cef0000,0x0cf40000),  sp=0x0cf3e464,  free space=313k
Native frames: (J=compiled Java code, j=interpreted, Vv=VM code, C=native code)
C  [ntdll.dll+0x62086]
C  [ntdll.dll+0x618c3]
C  [kernel32.dll+0x47a7e]
C  [msvcr71.dll+0x218a]

Java frames: (J=compiled Java code, j=interpreted, Vv=VM code)
j  java.lang.Class.getDeclaredConstructors0(Z)[Ljava/lang/reflect/Constructor;+0
j  java.lang.Class.privateGetDeclaredConstructors(Z)[Ljava/lang/reflect/Constructor;+87
j  java.lang.Class.getConstructor0([Ljava/lang/Class;I)Ljava/lang/reflect/Constructor;+10
j  java.lang.Class.getConstructor([Ljava/lang/Class;)Ljava/lang/reflect/Constructor;+11
j  sun.rmi.server.Util.createStub(Ljava/lang/Class;Ljava/rmi/server/RemoteRef;)Ljava/rmi/server/RemoteStub;+37
j  sun.rmi.server.Util.createProxy(Ljava/lang/Class;Ljava/rmi/server/RemoteRef;Z)Ljava/rmi/Remote;+59
j  sun.rmi.server.UnicastServerRef.exportObject(Ljava/rmi/Remote;Ljava/lang/Object;Z)Ljava/rmi/Remote;+16
j  java.rmi.server.UnicastRemoteObject.exportObject(Ljava/rmi/Remote;Lsun/rmi/server/UnicastServerRef;)Ljava/rmi/Remote;+19
j  java.rmi.server.UnicastRemoteObject.exportObject(Ljava/rmi/Remote;I)Ljava/rmi/Remote;+9
j  java.rmi.server.UnicastRemoteObject.<init>(I)V+26
j  java.rmi.server.UnicastRemoteObject.<init>()V+2
j  bus.uigen.oadapters.uiObjectAdapter.<init>()V+1
j  bus.uigen.oadapters.uiPrimitiveAdapter.<init>()V+1
j  bus.uigen.oadapters.PrimitiveAdapterFactory.createObjectAdapter()Lbus/uigen/oadapters/uiObjectAdapter;+4
j  bus.uigen.oadapters.AbstractObjectAdapterFactory.createObjectAdapter(Lbus/uigen/sadapters/ConcreteType;Ljava/lang/Object;Ljava/lang/Object;Ljava/lang/Object;Ljava/lang/String;Ljava/lang/Class;ZLbus/uigen/oadapters/uiObjectAdapter;Z)Lbus/uigen/oadapters/uiObjectAdapter;+1
j  bus.uigen.oadapters.ObjectAdapterRegistry.createObjectAdapter(Lbus/uigen/sadapters/ConcreteType;Ljava/lang/Object;Ljava/lang/Object;Ljava/lang/Object;Ljava/lang/String;Ljava/lang/Class;ZLbus/uigen/oadapters/uiObjectAdapter;Z)Lbus/uigen/oadapters/uiObjectAdapter;+32
j  bus.uigen.uiGenerator.createObjectAdapter(Ljava/lang/Object;Ljava/lang/Object;Ljava/lang/Object;Ljava/lang/String;Ljava/lang/Class;ZLbus/uigen/oadapters/uiObjectAdapter;Z)Lbus/uigen/oadapters/uiObjectAdapter;+34
j  bus.uigen.uiGenerator.createObjectAdapter(Lbus/uigen/oadapters/uiObjectAdapter;Ljava/lang/Object;Ljava/lang/Class;ILjava/lang/String;Ljava/lang/Object;Z)Lbus/uigen/oadapters/uiObjectAdapter;+121
j  bus.uigen.oadapters.uiRootAdapter.topAddChildComponents(Lbus/uigen/uiFrame;Ljava/lang/Object;Lbus/uigen/myLockManager;Lbus/uigen/oadapters/uiObjectAdapter;Lbus/uigen/widgets/VirtualContainer;Ljava/lang/String;)Lbus/uigen/oadapters/uiObjectAdapter;+133
j  bus.uigen.uiGenerator.topAddChildComponents(Lbus/uigen/uiFrame;Ljava/lang/Object;Lbus/uigen/myLockManager;Lbus/uigen/oadapters/uiObjectAdapter;Lbus/uigen/widgets/VirtualContainer;Ljava/lang/String;Lbus/uigen/widgets/VirtualContainer;)Lbus/uigen/oadapters/uiObjectAdapter;+52
j  bus.uigen.uiGenerator.generateInUIPanel(Lbus/uigen/uiFrame;Ljava/lang/Object;Lbus/uigen/myLockManager;Lbus/uigen/oadapters/uiObjectAdapter;Lbus/uigen/widgets/VirtualContainer;Ljava/lang/String;Lbus/uigen/widgets/VirtualContainer;)Lbus/uigen/oadapters/uiObjectAdapter;+20
j  bus.uigen.uiGenerator.generateInBrowsableRootPanel(Lbus/uigen/uiFrame;Ljava/lang/Object;Lbus/uigen/myLockManager;Lbus/uigen/oadapters/uiObjectAdapter;Lbus/uigen/widgets/VirtualContainer;Ljava/lang/String;Lbus/uigen/widgets/VirtualContainer;)Lbus/uigen/oadapters/uiObjectAdapter;+10
j  bus.uigen.uiGenerator.generateInNewBrowsableContainer(Lbus/uigen/uiFrame;Ljava/lang/Object;Lbus/uigen/myLockManager;Lbus/uigen/oadapters/uiObjectAdapter;Ljava/lang/String;)Lbus/uigen/oadapters/uiObjectAdapter;+15
j  bus.uigen.uiGenerator.generateUIFrame(Ljava/lang/Object;Lbus/uigen/myLockManager;Ljava/lang/String;ZLbus/uigen/controller/menus/MenuSetter;Lbus/uigen/controller/menus/AMenuDescriptor;)Lbus/uigen/uiFrame;+30
j  bus.uigen.uiGenerator.generateUIFrame(Ljava/lang/Object;Ljava/lang/String;ZLbus/uigen/controller/menus/MenuSetter;Lbus/uigen/controller/menus/AMenuDescriptor;)Lbus/uigen/uiFrame;+11
j  bus.uigen.ObjectEditor.treeBrowse(Ljava/lang/Object;Ljava/lang/Object;Ljava/lang/Object;Z)Lbus/uigen/uiFrame;+20
j  bus.uigen.ObjectEditor.indexedClasses()V+11
v  ~StubRoutines::call_stub
j  sun.reflect.NativeMethodAccessorImpl.invoke0(Ljava/lang/reflect/Method;Ljava/lang/Object;[Ljava/lang/Object;)Ljava/lang/Object;+0
j  sun.reflect.NativeMethodAccessorImpl.invoke(Ljava/lang/Object;[Ljava/lang/Object;)Ljava/lang/Object;+87
j  sun.reflect.DelegatingMethodAccessorImpl.invoke(Ljava/lang/Object;[Ljava/lang/Object;)Ljava/lang/Object;+6
j  java.lang.reflect.Method.invoke(Ljava/lang/Object;[Ljava/lang/Object;)Ljava/lang/Object;+161
j  bus.uigen.controller.AVirtualMethod.invoke(Ljava/lang/Object;[Ljava/lang/Object;)Ljava/lang/Object;+25
j  bus.uigen.controller.uiMethodInvocationManager.invokeMethod(Ljava/lang/Object;Lbus/uigen/controller/VirtualMethod;[Ljava/lang/Object;)Ljava/lang/Object;+9
j  bus.uigen.undo.BasicCommand.execute()Ljava/lang/Object;+12
j  bus.uigen.undo.AHistoryUndoer.execute(Lbus/uigen/undo/Command;)Ljava/lang/Object;+18
j  bus.uigen.controller.uiMethodInvocationManager.invokeMethods(Lbus/uigen/uiFrame;Ljava/util/Vector;Ljava/util/Vector;Ljava/util/Vector;)Ljava/lang/Object;+336
j  bus.uigen.controller.uiMethodInvocationManager.invokeMethods(Lbus/uigen/uiFrame;Ljava/util/Hashtable;[Ljava/lang/Object;Lbus/uigen/undo/CommandListener;)Ljava/lang/Object;+67
j  bus.uigen.controller.uiMethodInvocationManager.invokeMethod()V+67
j  bus.uigen.controller.uiMethodInvocationManager.checkIfArgumentsAvailable()Z+18
j  bus.uigen.controller.uiMethodInvocationManager.<init>(Lbus/uigen/uiFrame;Ljava/lang/Object;Lbus/uigen/controller/VirtualMethod;Ljava/util/Hashtable;)V+157
j  bus.uigen.uiFrame.processMethod(Ljava/lang/Object;Lbus/uigen/controller/VirtualMethod;)V+46
j  bus.uigen.controller.menus.uiVirtualMethodMenuItem.processMethodMenuItem()V+60
j  bus.uigen.controller.menus.uiVirtualMethodMenuItem.actionPerformed(Ljava/awt/event/ActionEvent;)V+1
j  javax.swing.AbstractButton.fireActionPerformed(Ljava/awt/event/ActionEvent;)V+84
j  javax.swing.AbstractButton$Handler.actionPerformed(Ljava/awt/event/ActionEvent;)V+5
j  javax.swing.DefaultButtonModel.fireActionPerformed(Ljava/awt/event/ActionEvent;)V+35
j  javax.swing.DefaultButtonModel.setPressed(Z)V+117
j  javax.swing.AbstractButton.doClick(I)V+64
j  javax.swing.plaf.basic.BasicMenuItemUI.doClick(Ljavax/swing/MenuSelectionManager;)V+53
j  javax.swing.plaf.basic.BasicMenuItemUI$Handler.mouseReleased(Ljava/awt/event/MouseEvent;)V+62
j  java.awt.AWTEventMulticaster.mouseReleased(Ljava/awt/event/MouseEvent;)V+8
j  java.awt.Component.processMouseEvent(Ljava/awt/event/MouseEvent;)V+64
j  javax.swing.JComponent.processMouseEvent(Ljava/awt/event/MouseEvent;)V+23
j  java.awt.Component.processEvent(Ljava/awt/AWTEvent;)V+81
j  java.awt.Container.processEvent(Ljava/awt/AWTEvent;)V+18
j  java.awt.Component.dispatchEventImpl(Ljava/awt/AWTEvent;)V+562
j  java.awt.Container.dispatchEventImpl(Ljava/awt/AWTEvent;)V+42
j  java.awt.Component.dispatchEvent(Ljava/awt/AWTEvent;)V+2
j  java.awt.LightweightDispatcher.retargetMouseEvent(Ljava/awt/Component;ILjava/awt/event/MouseEvent;)V+320
j  java.awt.LightweightDispatcher.processMouseEvent(Ljava/awt/event/MouseEvent;)Z+139
j  java.awt.LightweightDispatcher.dispatchEvent(Ljava/awt/AWTEvent;)Z+50
j  java.awt.Container.dispatchEventImpl(Ljava/awt/AWTEvent;)V+12
j  java.awt.Window.dispatchEventImpl(Ljava/awt/AWTEvent;)V+19
j  java.awt.Component.dispatchEvent(Ljava/awt/AWTEvent;)V+2
j  java.awt.EventQueue.dispatchEvent(Ljava/awt/AWTEvent;)V+46
j  java.awt.EventDispatchThread.pumpOneEventForFilters(I)Z+156
j  java.awt.EventDispatchThread.pumpEventsForFilter(ILjava/awt/Conditional;Ljava/awt/EventFilter;)V+30
j  java.awt.EventDispatchThread.pumpEventsForHierarchy(ILjava/awt/Conditional;Ljava/awt/Component;)V+11
j  java.awt.EventDispatchThread.pumpEvents(ILjava/awt/Conditional;)V+4
j  java.awt.EventDispatchThread.pumpEvents(Ljava/awt/Conditional;)V+3
j  java.awt.EventDispatchThread.run()V+9
v  ~StubRoutines::call_stub

---------------  P R O C E S S  ---------------

Java Threads: ( => current thread )
  0x0deff400 JavaThread "Thread-791" [_thread_blocked, id=3416]
  0x0deff000 JavaThread "Thread-723" [_thread_blocked, id=296]
  0x0defdc00 JavaThread "Thread-390" [_thread_blocked, id=5816]
  0x0defd800 JavaThread "Thread-322" [_thread_in_native, id=3340]
  0x0defcc00 JavaThread "TimerQueue" daemon [_thread_blocked, id=4432]
  0x0defd400 JavaThread "DestroyJavaVM" [_thread_blocked, id=4140]
  0x0dec1c00 JavaThread "Swing-Shell" daemon [_thread_blocked, id=5308]
=>0x0de42c00 JavaThread "AWT-EventQueue-0" [_thread_in_native, id=5604]
  0x0bf8a000 JavaThread "GC Daemon" daemon [_thread_blocked, id=5964]
  0x0bf8c400 JavaThread "RMI Reaper" [_thread_blocked, id=5620]
  0x0bf8bc00 JavaThread "RMI TCP Accept-0" daemon [_thread_in_native, id=4436]
  0x0be1c800 JavaThread "AWT-Windows" daemon [_thread_in_native, id=4376]
  0x0be1bc00 JavaThread "AWT-Shutdown" [_thread_blocked, id=3780]
  0x0be31000 JavaThread "Java2D Disposer" daemon [_thread_blocked, id=5764]
  0x01355000 JavaThread "Low Memory Detector" daemon [_thread_blocked, id=3812]
  0x01354000 JavaThread "CompilerThread0" daemon [_thread_blocked, id=5136]
  0x01342800 JavaThread "JDWP Command Reader" daemon [_thread_in_native, id=3636]
  0x01342400 JavaThread "JDWP Event Helper Thread" daemon [_thread_blocked, id=3720]
  0x01341000 JavaThread "JDWP Transport Listener: dt_socket" daemon [_thread_blocked, id=5116]
  0x01332000 JavaThread "Attach Listener" daemon [_thread_blocked, id=5192]
  0x01331c00 JavaThread "Signal Dispatcher" daemon [_thread_blocked, id=5824]
  0x01325000 JavaThread "Finalizer" daemon [_thread_blocked, id=1172]
  0x01318c00 JavaThread "Reference Handler" daemon [_thread_blocked, id=6092]

Other Threads:
  0x01314800 VMThread [id=4852]
  0x01350c00 WatcherThread [id=5468]

VM state:not at safepoint (normal execution)

VM Mutex/Monitor currently owned by a thread: None

Heap
 def new generation   total 960K, used 580K [0x03800000, 0x03900000, 0x03ce0000)
  eden space 896K,  60% used [0x03800000, 0x038887f8, 0x038e0000)
  from space 64K,  54% used [0x038e0000, 0x038e8a48, 0x038f0000)
  to   space 64K,   0% used [0x038f0000, 0x038f0000, 0x03900000)
 tenured generation   total 6160K, used 5470K [0x03ce0000, 0x042e4000, 0x07800000)
   the space 6160K,  88% used [0x03ce0000, 0x04237ab8, 0x04237c00, 0x042e4000)
 compacting perm gen  total 14848K, used 14761K [0x07800000, 0x08680000, 0x0b800000)
   the space 14848K,  99% used [0x07800000, 0x0866a410, 0x0866a600, 0x08680000)
No shared spaces configured.

Dynamic libraries:
0x00400000 - 0x00423000 	D:\Program Files\Java\jre1.6.0_03\bin\javaw.exe
0x778e0000 - 0x779fe000 	C:\Windows\system32\ntdll.dll
0x76770000 - 0x76848000 	C:\Windows\system32\kernel32.dll
0x76850000 - 0x7690f000 	C:\Windows\system32\ADVAPI32.dll
0x761a0000 - 0x76263000 	C:\Windows\system32\RPCRT4.dll
0x776f0000 - 0x7778e000 	C:\Windows\system32\USER32.dll
0x77a00000 - 0x77a4b000 	C:\Windows\system32\GDI32.dll
0x77a50000 - 0x77a6e000 	C:\Windows\system32\IMM32.DLL
0x763f0000 - 0x764b7000 	C:\Windows\system32\MSCTF.dll
0x77a70000 - 0x77b1a000 	C:\Windows\system32\msvcrt.dll
0x764c0000 - 0x764c9000 	C:\Windows\system32\LPK.DLL
0x76930000 - 0x769ad000 	C:\Windows\system32\USP10.dll
0x7c340000 - 0x7c396000 	D:\Program Files\Java\jre1.6.0_03\bin\msvcr71.dll
0x6d7c0000 - 0x6da0a000 	D:\Program Files\Java\jre1.6.0_03\bin\client\jvm.dll
0x74800000 - 0x74833000 	C:\Windows\system32\WINMM.dll
0x77790000 - 0x778d4000 	C:\Windows\system32\ole32.dll
0x764d0000 - 0x7655c000 	C:\Windows\system32\OLEAUT32.dll
0x747c0000 - 0x747f8000 	C:\Windows\system32\OLEACC.dll
0x75fa0000 - 0x75fcc000 	C:\Windows\system32\apphelp.dll
0x6d310000 - 0x6d318000 	D:\Program Files\Java\jre1.6.0_03\bin\hpi.dll
0x76100000 - 0x76107000 	C:\Windows\system32\PSAPI.DLL
0x6d400000 - 0x6d429000 	D:\Program Files\Java\jre1.6.0_03\bin\jdwp.dll
0x6d6c0000 - 0x6d6c6000 	D:\Program Files\Java\jre1.6.0_03\bin\npt.dll
0x6d770000 - 0x6d77c000 	D:\Program Files\Java\jre1.6.0_03\bin\verify.dll
0x6d3b0000 - 0x6d3cf000 	D:\Program Files\Java\jre1.6.0_03\bin\java.dll
0x6d7b0000 - 0x6d7bf000 	D:\Program Files\Java\jre1.6.0_03\bin\zip.dll
0x6d280000 - 0x6d287000 	D:\Program Files\Java\jre1.6.0_03\bin\dt_socket.dll
0x76740000 - 0x7676d000 	C:\Windows\system32\WS2_32.dll
0x76910000 - 0x76916000 	C:\Windows\system32\NSI.dll
0x747b0000 - 0x747bf000 	C:\Windows\system32\NLAapi.dll
0x75a70000 - 0x75a89000 	C:\Windows\system32\IPHLPAPI.DLL
0x759f0000 - 0x75a25000 	C:\Windows\system32\dhcpcsvc.DLL
0x75c60000 - 0x75c8b000 	C:\Windows\system32\DNSAPI.dll
0x76030000 - 0x76044000 	C:\Windows\system32\Secur32.dll
0x759e0000 - 0x759e7000 	C:\Windows\system32\WINNSI.DLL
0x759c0000 - 0x759e0000 	C:\Windows\system32\dhcpcsvc6.DLL
0x757d0000 - 0x7580b000 	C:\Windows\System32\mswsock.dll
0x72720000 - 0x72728000 	C:\Windows\System32\winrnr.dll
0x769b0000 - 0x769f9000 	C:\Windows\system32\WLDAP32.dll
0x72710000 - 0x7271f000 	C:\Windows\system32\napinsp.dll
0x726f0000 - 0x72702000 	C:\Windows\system32\pnrpnsp.dll
0x726e0000 - 0x726ec000 	C:\Windows\system32\wshbth.dll
0x765b0000 - 0x76739000 	C:\Windows\system32\SETUPAPI.dll
0x72e10000 - 0x72e16000 	C:\Windows\system32\rasadhlp.dll
0x753b0000 - 0x753b6000 	C:\Windows\System32\wshtcpip.dll
0x6d000000 - 0x6d1c3000 	D:\Program Files\Java\jre1.6.0_03\bin\awt.dll
0x72690000 - 0x726d1000 	C:\Windows\system32\WINSPOOL.DRV
0x74bc0000 - 0x74bff000 	C:\Windows\system32\uxtheme.dll
0x6d2b0000 - 0x6d303000 	D:\Program Files\Java\jre1.6.0_03\bin\fontmanager.dll
0x10000000 - 0x100a4000 	C:\Program Files\Lenovo\Client Security Solution\tvtpwm_windows_hook.dll
0x77690000 - 0x776e5000 	C:\Windows\system32\SHLWAPI.dll
0x76bc0000 - 0x7768e000 	C:\Windows\system32\SHELL32.dll
0x0c590000 - 0x0c792000 	C:\Program Files\Lenovo\Client Security Solution\tvt_passwordmanager.dll
0x753a0000 - 0x753a9000 	C:\Windows\system32\WTSAPI32.dll
0x75d40000 - 0x75daa000 	C:\Windows\system32\NETAPI32.dll
0x0c400000 - 0x0c4b3000 	C:\Program Files\Lenovo\Client Security Solution\css_banner.dll
0x739f0000 - 0x73a76000 	C:\Windows\WinSxS\x86_microsoft.windows.common-controls_6595b64144ccf1df_5.82.6000.16386_none_87e0cb09378714f1\COMCTL32.dll
0x0c7a0000 - 0x0c975000 	C:\Program Files\Lenovo\Client Security Solution\csswait.dll
0x76370000 - 0x763e4000 	C:\Windows\system32\comdlg32.dll
0x0c980000 - 0x0ca45000 	C:\Windows\system32\cssuserdatadispatcher.dll
0x75870000 - 0x75878000 	C:\Windows\system32\VERSION.dll
0x75ad0000 - 0x75bc1000 	C:\Windows\system32\CRYPT32.dll
0x75c20000 - 0x75c32000 	C:\Windows\system32\MSASN1.dll
0x76050000 - 0x7606e000 	C:\Windows\system32\USERENV.dll
0x74b60000 - 0x74b8d000 	C:\Windows\system32\WINTRUST.dll
0x76340000 - 0x76369000 	C:\Windows\system32\imagehlp.dll
0x0ca50000 - 0x0cb97000 	C:\Program Files\Lenovo\Client Security Solution\css_dlgcustompolicy.dll
0x0c4c0000 - 0x0c520000 	C:\Windows\system32\tvttsp.dll
0x0cba0000 - 0x0cc42000 	C:\Windows\system32\tcsrpc.dll
0x751f0000 - 0x75384000 	C:\Windows\WinSxS\x86_microsoft.windows.common-controls_6595b64144ccf1df_6.0.6000.16386_none_5d07289e07e1d100\comctl32.dll
0x755a0000 - 0x755d8000 	C:\Windows\system32\rsaenh.dll
0x00ce0000 - 0x00cf0000 	c:\program files\common files\lenovo\tvt_think_res.dll
0x0cff0000 - 0x0d4e8000 	c:\program files\lenovo\client security solution\css_think_res.dll
0x6d570000 - 0x6d583000 	D:\Program Files\Java\jre1.6.0_03\bin\net.dll
0x75860000 - 0x75866000 	C:\Windows\System32\wship6.dll
0x6d590000 - 0x6d599000 	D:\Program Files\Java\jre1.6.0_03\bin\nio.dll
0x76b30000 - 0x76bb4000 	C:\Windows\system32\CLBCatQ.DLL
0x6cd80000 - 0x6cfa3000 	C:\Windows\system32\NetworkExplorer.dll
0x746a0000 - 0x74757000 	C:\Windows\system32\PROPSYS.dll
0x76270000 - 0x7633f000 	C:\Windows\system32\WININET.dll
0x76920000 - 0x76923000 	C:\Windows\system32\Normaliz.dll
0x76560000 - 0x765a5000 	C:\Windows\system32\iertutil.dll
0x6fe60000 - 0x6ff67000 	C:\Windows\System32\shdocvw.dll
0x75bd0000 - 0x75be4000 	C:\Windows\system32\MPR.dll
0x71320000 - 0x71332000 	C:\Windows\System32\ntlanman.dll
0x71350000 - 0x71358000 	C:\Windows\System32\drprov.dll
0x71340000 - 0x7134f000 	C:\Windows\System32\davclnt.dll
0x72170000 - 0x7217a000 	C:\Windows\system32\cscapi.dll
0x6c5d0000 - 0x6c83e000 	C:\Windows\system32\wpdshext.dll
0x75040000 - 0x751ea000 	C:\Windows\WinSxS\x86_microsoft.windows.gdiplus_6595b64144ccf1df_1.0.6000.16386_none_9ea0ac9ec96e7127\gdiplus.dll
0x724f0000 - 0x72536000 	C:\Windows\system32\PortableDeviceApi.dll
0x71090000 - 0x710cf000 	C:\Windows\system32\audiodev.dll
0x6cae0000 - 0x6cd36000 	C:\Windows\system32\WMVCore.DLL
0x71190000 - 0x711c9000 	C:\Windows\system32\WMASF.DLL
0x70ce0000 - 0x70ce9000 	C:\Windows\system32\LINKINFO.dll

VM Arguments:
jvm_args: -agentlib:jdwp=transport=dt_socket,suspend=y,address=localhost:51724
java_command: demoer.Comp110ObjectEditor
Launcher Type: SUN_STANDARD

Environment Variables:
CLASSPATH=.;C:\Program Files\QuickTime\QTSystem\QTJava.zip
PATH=D:\Program Files\Java\jre1.6.0_03\bin\client;D:\Program Files\Java\jre1.6.0_03\bin;C:\Windows\system32;C:\Windows;C:\Windows\system32\wbem;c:\program files\common files\lenovo;c:\program files\lenovo\client security solution;c:\program files\quicktime\qtsystem\;c:\program files\openafs\client\program;c:\program files\openafs\common;
USERNAME=dewan
OS=Windows_NT
PROCESSOR_IDENTIFIER=x86 Family 6 Model 14 Stepping 8, GenuineIntel



---------------  S Y S T E M  ---------------

OS: Windows Vista Build 6000 

CPU:total 2 (2 cores per cpu, 1 threads per core) family 6 model 14 stepping 8, cmov, cx8, fxsr, mmx, sse, sse2, sse3

Memory: 4k page, physical 2086720k(864768k free), swap 4194303k(2640740k free)

vm_info: Java HotSpot(TM) Client VM (1.6.0_03-b05) for windows-x86, built on Sep 24 2007 22:24:33 by "java_re" with unknown MS VC++:1310

